<?xml version="1.0" encoding="UTF-8"?>
<!-- Generated by org.testng.reporters.JUnitXMLReporter -->
<testsuite hostname="Natalias-MacBook-Air.local" name="auto baraholka tests" tests="2" failures="1" timestamp="15 Mar 2018 15:08:15 GMT" time="52.859" errors="0">
  <testcase name="filterCars" time="35.748" classname="com.qaprosoft.carina.demo.AutoBaraholkaTest">
    <failure type="java.lang.IndexOutOfBoundsException" message="Index: 1, Size: 0">
      <![CDATA[java.lang.IndexOutOfBoundsException: Index: 1, Size: 0
	at java.util.ArrayList.rangeCheck(ArrayList.java:657)
	at java.util.ArrayList.get(ArrayList.java:433)
	at com.qaprosoft.carina.core.foundation.webdriver.locator.internal.LocatingElementListHandler.invoke(LocatingElementListHandler.java:62)
	at com.sun.proxy.$Proxy20.get(Unknown Source)
	at com.qaprosoft.carina.demo.autobaraholka.AutoBaraholkaPage.openCarPage(AutoBaraholkaPage.java:46)
	at com.qaprosoft.carina.demo.AutoBaraholkaTest.filterCars(AutoBaraholkaTest.java:45)
	at java.util.concurrent.FutureTask.run(FutureTask.java:266)
	at java.util.concurrent.ThreadPoolExecutor.runWorker(ThreadPoolExecutor.java:1149)
	at java.util.concurrent.ThreadPoolExecutor$Worker.run(ThreadPoolExecutor.java:624)
	at java.lang.Thread.run(Thread.java:748)
... Removed 20 stack frames]]>
    </failure>
  </testcase> <!-- filterCars -->
  <testcase name="loginOnliner" time="13.155" classname="com.qaprosoft.carina.demo.AutoBaraholkaTest"/>
</testsuite> <!-- auto baraholka tests -->
